[00:54:56] [User Authenticator #20/INFO]: UUID of player Slim is 3e6bd895-9b58-341e-9ad3-2ff57c59e281
[00:54:56] [Server thread/INFO]: Slim[/170.247.55.131:17466] logged in with entity id 83837 at ([world]-233.01311426895953, 67.0, -226.71449775598748)
[00:55:14] [Server thread/INFO]: [@: Set the weather to clear]
[00:55:16] [Server thread/INFO]: [@: Set the time to 1000]
[00:55:16] [Server thread/INFO]: [@: Set the weather to clear]
[00:56:55] [Server thread/INFO]: Slim lost connection: Disconnected
[00:56:55] [Server thread/INFO]: Slim left the game
[21:30:56] [Thread-1/INFO]: Stopping server
[21:30:56] [Thread-1/INFO]: Saving players
[21:30:56] [Thread-1/INFO]: Saving worlds
[21:30:56] [Thread-1/INFO]: Saving chunks for level 'ServerLevel[world]'/minecraft:overworld
[21:30:57] [Thread-1/INFO]: ThreadedAnvilChunkStorage (world): All chunks are saved
[21:30:57] [Thread-1/INFO]: Saving chunks for level 'ServerLevel[world_nether]'/minecraft:the_nether
[21:30:57] [Thread-1/ERROR]: Failed to save chunk -2,2
java.util.ConcurrentModificationException: null
	at java.util.TreeMap$PrivateEntryIterator.nextEntry(TreeMap.java:1208) ~[?:?]
	at java.util.TreeMap$KeyIterator.next(TreeMap.java:1262) ~[?:?]
	at net.minecraft.server.v1_16_R1.TickListServer.a(TickListServer.java:132) ~[spigot.jar:git-Spigot-8fc58f1-50484a6]
	at net.minecraft.server.v1_16_R1.TickListServer.a(TickListServer.java:113) ~[spigot.jar:git-Spigot-8fc58f1-50484a6]
	at net.minecraft.server.v1_16_R1.TickListServer.a(TickListServer.java:109) ~[spigot.jar:git-Spigot-8fc58f1-50484a6]
	at net.minecraft.server.v1_16_R1.TickListServer.a(TickListServer.java:169) ~[spigot.jar:git-Spigot-8fc58f1-50484a6]
	at net.minecraft.server.v1_16_R1.ChunkRegionLoader.saveChunk(ChunkRegionLoader.java:350) ~[spigot.jar:git-Spigot-8fc58f1-50484a6]
	at net.minecraft.server.v1_16_R1.PlayerChunkMap.saveChunk(PlayerChunkMap.java:722) ~[spigot.jar:git-Spigot-8fc58f1-50484a6]
	at java.util.stream.ReferencePipeline$2$1.accept(ReferencePipeline.java:176) [?:?]
	at java.util.stream.ReferencePipeline$2$1.accept(ReferencePipeline.java:177) [?:?]
	at java.util.stream.ReferencePipeline$3$1.accept(ReferencePipeline.java:195) [?:?]
	at java.util.ArrayList$ArrayListSpliterator.forEachRemaining(ArrayList.java:1654) [?:?]
	at java.util.stream.AbstractPipeline.copyInto(AbstractPipeline.java:484) [?:?]
	at java.util.stream.AbstractPipeline.wrapAndCopyInto(AbstractPipeline.java:474) [?:?]
	at java.util.stream.ForEachOps$ForEachOp.evaluateSequential(ForEachOps.java:150) [?:?]
	at java.util.stream.ForEachOps$ForEachOp$OfRef.evaluateSequential(ForEachOps.java:173) [?:?]
	at java.util.stream.AbstractPipeline.evaluate(AbstractPipeline.java:234) [?:?]
	at java.util.stream.ReferencePipeline.forEach(ReferencePipeline.java:497) [?:?]
	at net.minecraft.server.v1_16_R1.PlayerChunkMap.save(PlayerChunkMap.java:320) [spigot.jar:git-Spigot-8fc58f1-50484a6]
	at net.minecraft.server.v1_16_R1.ChunkProviderServer.save(ChunkProviderServer.java:309) [spigot.jar:git-Spigot-8fc58f1-50484a6]
	at net.minecraft.server.v1_16_R1.WorldServer.save(WorldServer.java:760) [spigot.jar:git-Spigot-8fc58f1-50484a6]
	at net.minecraft.server.v1_16_R1.MinecraftServer.saveChunks(MinecraftServer.java:677) [spigot.jar:git-Spigot-8fc58f1-50484a6]
	at net.minecraft.server.v1_16_R1.MinecraftServer.stop(MinecraftServer.java:744) [spigot.jar:git-Spigot-8fc58f1-50484a6]
	at net.minecraft.server.v1_16_R1.DedicatedServer.stop(DedicatedServer.java:644) [spigot.jar:git-Spigot-8fc58f1-50484a6]
	at net.minecraft.server.v1_16_R1.MinecraftServer.close(MinecraftServer.java:695) [spigot.jar:git-Spigot-8fc58f1-50484a6]
	at org.bukkit.craftbukkit.v1_16_R1.util.ServerShutdownThread.run(ServerShutdownThread.java:16) [spigot.jar:git-Spigot-8fc58f1-50484a6]
[21:30:57] [Thread-1/INFO]: ThreadedAnvilChunkStorage (DIM-1): All chunks are saved
[21:30:57] [Thread-1/INFO]: Saving chunks for level 'ServerLevel[world_the_end]'/minecraft:the_end
[21:30:57] [Thread-1/INFO]: ThreadedAnvilChunkStorage (DIM1): All chunks are saved
[21:30:57] [Thread-1/INFO]: ThreadedAnvilChunkStorage (world): All chunks are saved
[21:30:58] [Thread-1/ERROR]: Failed to save chunk -5,3
java.util.ConcurrentModificationException: null
	at java.util.TreeMap$PrivateEntryIterator.nextEntry(TreeMap.java:1208) ~[?:?]
	at java.util.TreeMap$KeyIterator.next(TreeMap.java:1262) ~[?:?]
	at net.minecraft.server.v1_16_R1.TickListServer.a(TickListServer.java:132) ~[spigot.jar:git-Spigot-8fc58f1-50484a6]
	at net.minecraft.server.v1_16_R1.TickListServer.a(TickListServer.java:113) ~[spigot.jar:git-Spigot-8fc58f1-50484a6]
	at net.minecraft.server.v1_16_R1.TickListServer.a(TickListServer.java:109) ~[spigot.jar:git-Spigot-8fc58f1-50484a6]
	at net.minecraft.server.v1_16_R1.TickListServer.a(TickListServer.java:169) ~[spigot.jar:git-Spigot-8fc58f1-50484a6]
	at net.minecraft.server.v1_16_R1.ChunkRegionLoader.saveChunk(ChunkRegionLoader.java:350) ~[spigot.jar:git-Spigot-8fc58f1-50484a6]
	at net.minecraft.server.v1_16_R1.PlayerChunkMap.saveChunk(PlayerChunkMap.java:722) ~[spigot.jar:git-Spigot-8fc58f1-50484a6]
	at java.util.stream.ReferencePipeline$2$1.accept(ReferencePipeline.java:176) [?:?]
	at java.util.stream.ReferencePipeline$2$1.accept(ReferencePipeline.java:177) [?:?]
	at java.util.stream.ReferencePipeline$3$1.accept(ReferencePipeline.java:195) [?:?]
	at java.util.ArrayList$ArrayListSpliterator.forEachRemaining(ArrayList.java:1654) [?:?]
	at java.util.stream.AbstractPipeline.copyInto(AbstractPipeline.java:484) [?:?]
	at java.util.stream.AbstractPipeline.wrapAndCopyInto(AbstractPipeline.java:474) [?:?]
	at java.util.stream.ForEachOps$ForEachOp.evaluateSequential(ForEachOps.java:150) [?:?]
	at java.util.stream.ForEachOps$ForEachOp$OfRef.evaluateSequential(ForEachOps.java:173) [?:?]
	at java.util.stream.AbstractPipeline.evaluate(AbstractPipeline.java:234) [?:?]
	at java.util.stream.ReferencePipeline.forEach(ReferencePipeline.java:497) [?:?]
	at net.minecraft.server.v1_16_R1.PlayerChunkMap.save(PlayerChunkMap.java:320) [spigot.jar:git-Spigot-8fc58f1-50484a6]
	at net.minecraft.server.v1_16_R1.ChunkProviderServer.save(ChunkProviderServer.java:309) [spigot.jar:git-Spigot-8fc58f1-50484a6]
	at net.minecraft.server.v1_16_R1.ChunkProviderServer.close(ChunkProviderServer.java:320) [spigot.jar:git-Spigot-8fc58f1-50484a6]
	at net.minecraft.server.v1_16_R1.ChunkProviderServer.close(ChunkProviderServer.java:315) [spigot.jar:git-Spigot-8fc58f1-50484a6]
	at net.minecraft.server.v1_16_R1.World.close(World.java:922) [spigot.jar:git-Spigot-8fc58f1-50484a6]
	at net.minecraft.server.v1_16_R1.MinecraftServer.stop(MinecraftServer.java:751) [spigot.jar:git-Spigot-8fc58f1-50484a6]
	at net.minecraft.server.v1_16_R1.DedicatedServer.stop(DedicatedServer.java:644) [spigot.jar:git-Spigot-8fc58f1-50484a6]
	at net.minecraft.server.v1_16_R1.MinecraftServer.close(MinecraftServer.java:695) [spigot.jar:git-Spigot-8fc58f1-50484a6]
	at org.bukkit.craftbukkit.v1_16_R1.util.ServerShutdownThread.run(ServerShutdownThread.java:16) [spigot.jar:git-Spigot-8fc58f1-50484a6]
[21:30:59] [Thread-1/ERROR]: Failed to save chunk -5,-5
java.util.ConcurrentModificationException: null
	at java.util.TreeMap$PrivateEntryIterator.nextEntry(TreeMap.java:1208) ~[?:?]
	at java.util.TreeMap$KeyIterator.next(TreeMap.java:1262) ~[?:?]
	at net.minecraft.server.v1_16_R1.TickListServer.a(TickListServer.java:132) ~[spigot.jar:git-Spigot-8fc58f1-50484a6]
	at net.minecraft.server.v1_16_R1.TickListServer.a(TickListServer.java:113) ~[spigot.jar:git-Spigot-8fc58f1-50484a6]
	at net.minecraft.server.v1_16_R1.TickListServer.a(TickListServer.java:109) ~[spigot.jar:git-Spigot-8fc58f1-50484a6]
	at net.minecraft.server.v1_16_R1.TickListServer.a(TickListServer.java:169) ~[spigot.jar:git-Spigot-8fc58f1-50484a6]
	at net.minecraft.server.v1_16_R1.ChunkRegionLoader.saveChunk(ChunkRegionLoader.java:350) ~[spigot.jar:git-Spigot-8fc58f1-50484a6]
	at net.minecraft.server.v1_16_R1.PlayerChunkMap.saveChunk(PlayerChunkMap.java:722) ~[spigot.jar:git-Spigot-8fc58f1-50484a6]
	at java.util.stream.ReferencePipeline$2$1.accept(ReferencePipeline.java:176) [?:?]
	at java.util.stream.ReferencePipeline$2$1.accept(ReferencePipeline.java:177) [?:?]
	at java.util.stream.ReferencePipeline$3$1.accept(ReferencePipeline.java:195) [?:?]
	at java.util.ArrayList$ArrayListSpliterator.forEachRemaining(ArrayList.java:1654) [?:?]
	at java.util.stream.AbstractPipeline.copyInto(AbstractPipeline.java:484) [?:?]
	at java.util.stream.AbstractPipeline.wrapAndCopyInto(AbstractPipeline.java:474) [?:?]
	at java.util.stream.ForEachOps$ForEachOp.evaluateSequential(ForEachOps.java:150) [?:?]
	at java.util.stream.ForEachOps$ForEachOp$OfRef.evaluateSequential(ForEachOps.java:173) [?:?]
	at java.util.stream.AbstractPipeline.evaluate(AbstractPipeline.java:234) [?:?]
	at java.util.stream.ReferencePipeline.forEach(ReferencePipeline.java:497) [?:?]
	at net.minecraft.server.v1_16_R1.PlayerChunkMap.save(PlayerChunkMap.java:320) [spigot.jar:git-Spigot-8fc58f1-50484a6]
	at net.minecraft.server.v1_16_R1.ChunkProviderServer.save(ChunkProviderServer.java:309) [spigot.jar:git-Spigot-8fc58f1-50484a6]
	at net.minecraft.server.v1_16_R1.ChunkProviderServer.close(ChunkProviderServer.java:320) [spigot.jar:git-Spigot-8fc58f1-50484a6]
	at net.minecraft.server.v1_16_R1.ChunkProviderServer.close(ChunkProviderServer.java:315) [spigot.jar:git-Spigot-8fc58f1-50484a6]
	at net.minecraft.server.v1_16_R1.World.close(World.java:922) [spigot.jar:git-Spigot-8fc58f1-50484a6]
	at net.minecraft.server.v1_16_R1.MinecraftServer.stop(MinecraftServer.java:751) [spigot.jar:git-Spigot-8fc58f1-50484a6]
	at net.minecraft.server.v1_16_R1.DedicatedServer.stop(DedicatedServer.java:644) [spigot.jar:git-Spigot-8fc58f1-50484a6]
	at net.minecraft.server.v1_16_R1.MinecraftServer.close(MinecraftServer.java:695) [spigot.jar:git-Spigot-8fc58f1-50484a6]
	at org.bukkit.craftbukkit.v1_16_R1.util.ServerShutdownThread.run(ServerShutdownThread.java:16) [spigot.jar:git-Spigot-8fc58f1-50484a6]
[21:30:59] [Thread-1/ERROR]: Failed to save chunk 0,7
java.util.ConcurrentModificationException: null
	at java.util.TreeMap$PrivateEntryIterator.nextEntry(TreeMap.java:1208) ~[?:?]
	at java.util.TreeMap$KeyIterator.next(TreeMap.java:1262) ~[?:?]
	at net.minecraft.server.v1_16_R1.TickListServer.a(TickListServer.java:132) ~[spigot.jar:git-Spigot-8fc58f1-50484a6]
	at net.minecraft.server.v1_16_R1.TickListServer.a(TickListServer.java:113) ~[spigot.jar:git-Spigot-8fc58f1-50484a6]
	at net.minecraft.server.v1_16_R1.TickListServer.a(TickListServer.java:109) ~[spigot.jar:git-Spigot-8fc58f1-50484a6]
	at net.minecraft.server.v1_16_R1.TickListServer.a(TickListServer.java:169) ~[spigot.jar:git-Spigot-8fc58f1-50484a6]
	at net.minecraft.server.v1_16_R1.ChunkRegionLoader.saveChunk(ChunkRegionLoader.java:350) ~[spigot.jar:git-Spigot-8fc58f1-50484a6]
	at net.minecraft.server.v1_16_R1.PlayerChunkMap.saveChunk(PlayerChunkMap.java:722) ~[spigot.jar:git-Spigot-8fc58f1-50484a6]
	at java.util.stream.ReferencePipeline$2$1.accept(ReferencePipeline.java:176) [?:?]
	at java.util.stream.ReferencePipeline$2$1.accept(ReferencePipeline.java:177) [?:?]
	at java.util.stream.ReferencePipeline$3$1.accept(ReferencePipeline.java:195) [?:?]
	at java.util.ArrayList$ArrayListSpliterator.forEachRemaining(ArrayList.java:1654) [?:?]
	at java.util.stream.AbstractPipeline.copyInto(AbstractPipeline.java:484) [?:?]
	at java.util.stream.AbstractPipeline.wrapAndCopyInto(AbstractPipeline.java:474) [?:?]
	at java.util.stream.ForEachOps$ForEachOp.evaluateSequential(ForEachOps.java:150) [?:?]
	at java.util.stream.ForEachOps$ForEachOp$OfRef.evaluateSequential(ForEachOps.java:173) [?:?]
	at java.util.stream.AbstractPipeline.evaluate(AbstractPipeline.java:234) [?:?]
	at java.util.stream.ReferencePipeline.forEach(ReferencePipeline.java:497) [?:?]
	at net.minecraft.server.v1_16_R1.PlayerChunkMap.save(PlayerChunkMap.java:320) [spigot.jar:git-Spigot-8fc58f1-50484a6]
	at net.minecraft.server.v1_16_R1.ChunkProviderServer.save(ChunkProviderServer.java:309) [spigot.jar:git-Spigot-8fc58f1-50484a6]
	at net.minecraft.server.v1_16_R1.ChunkProviderServer.close(ChunkProviderServer.java:320) [spigot.jar:git-Spigot-8fc58f1-50484a6]
	at net.minecraft.server.v1_16_R1.ChunkProviderServer.close(ChunkProviderServer.java:315) [spigot.jar:git-Spigot-8fc58f1-50484a6]
	at net.minecraft.server.v1_16_R1.World.close(World.java:922) [spigot.jar:git-Spigot-8fc58f1-50484a6]
	at net.minecraft.server.v1_16_R1.MinecraftServer.stop(MinecraftServer.java:751) [spigot.jar:git-Spigot-8fc58f1-50484a6]
	at net.minecraft.server.v1_16_R1.DedicatedServer.stop(DedicatedServer.java:644) [spigot.jar:git-Spigot-8fc58f1-50484a6]
	at net.minecraft.server.v1_16_R1.MinecraftServer.close(MinecraftServer.java:695) [spigot.jar:git-Spigot-8fc58f1-50484a6]
	at org.bukkit.craftbukkit.v1_16_R1.util.ServerShutdownThread.run(ServerShutdownThread.java:16) [spigot.jar:git-Spigot-8fc58f1-50484a6]
[21:30:59] [Thread-1/INFO]: ThreadedAnvilChunkStorage (DIM-1): All chunks are saved
[21:30:59] [Thread-1/INFO]: ThreadedAnvilChunkStorage (DIM1): All chunks are saved
